<?xml version="1.0" encoding="UTF-8"?>
<testsuite name="lotto.ApplicationTest" tests="2" skipped="0" failures="1" errors="0" timestamp="2023-11-08T06:23:29" hostname="gimseohyeons-MacBook-Pro.local" time="0.829">
  <properties/>
  <testcase name="예외_테스트()" classname="lotto.ApplicationTest" time="0.064"/>
  <testcase name="기능_테스트()" classname="lotto.ApplicationTest" time="0.764">
    <failure message="java.lang.UnsupportedOperationException" type="java.lang.UnsupportedOperationException">java.lang.UnsupportedOperationException
	at java.base/java.util.ImmutableCollections.uoe(ImmutableCollections.java:142)
	at java.base/java.util.ImmutableCollections$AbstractImmutableList.sort(ImmutableCollections.java:261)
	at java.base/java.util.Collections.sort(Collections.java:145)
	at controller.LottoController.generateLottos(LottoController.java:33)
	at lotto.Application.main(Application.java:20)
	at lotto.ApplicationTest.runMain(ApplicationTest.java:59)
	at camp.nextstep.edu.missionutils.test.NsTest.run(NsTest.java:37)
	at lotto.ApplicationTest.lambda$기능_테스트$0(ApplicationTest.java:19)
	at camp.nextstep.edu.missionutils.test.Assertions.lambda$assertRandomTest$4(Assertions.java:89)
	at org.junit.jupiter.api.AssertTimeout.lambda$assertTimeoutPreemptively$2(AssertTimeout.java:102)
	at org.junit.jupiter.api.AssertTimeout.lambda$assertTimeoutPreemptively$4(AssertTimeout.java:138)
	at java.base/java.util.concurrent.FutureTask.run(FutureTask.java:264)
	at java.base/java.util.concurrent.ThreadPoolExecutor.runWorker(ThreadPoolExecutor.java:1136)
	at java.base/java.util.concurrent.ThreadPoolExecutor$Worker.run(ThreadPoolExecutor.java:635)
	at java.base/java.lang.Thread.run(Thread.java:842)
</failure>
  </testcase>
  <system-out><![CDATA[구입금액을 입력해주세요.
[ERROR]로또 구입 금액은 숫자로만 입력해야 합니다.
구입금액을 입력해주세요.
구입금액을 입력해주세요.
]]></system-out>
  <system-err><![CDATA[]]></system-err>
</testsuite>
